<?xml version="1.0" encoding="UTF-8" ?>
<testsuite tests="29" failures="0" name="stepDefs.TestRunner" time="46.316" errors="0" skipped="29">
  <properties>
[...]
</properties>
  <testcase classname="This feature would be used to design the Login page of the application" name="Validate the Successful Login" time="2.351">
    <skipped/>
    <system-err>Starting ChromeDriver 99.0.4844.51 (d537ec02474b5afe23684e7963d538896c63ac77-refs/branch-heads/4844@{#875}) on port 38832
Only local connections are allowed.
Please see https://chromedriver.chromium.org/security-considerations for suggestions on keeping ChromeDriver safe.
ChromeDriver was started successfully.
[1649870309.281][WARNING]: This version of ChromeDriver has not been tested with Chrome version 100.
Apr 13, 2022 10:48:29 PM org.openqa.selenium.remote.ProtocolHandshake createSession
INFO: Detected dialect: W3C
</system-err>
  </testcase>
  <testcase classname="This feature would be used to design the Login page of the application" name="Validate the Successful Login" time="2.352">
    <skipped/>
  </testcase>
  <testcase classname="This feature would be used to design the Login page of the application" name="Validate the Successful Login" time="2.352">
    <skipped/>
  </testcase>
  <testcase classname="This feature would be used to design the Login page of the application" name="Validate the Successful Login" time="2.352">
    <skipped/>
  </testcase>
  <testcase classname="This feature would be used to design the Login page of the application" name="Validate the Successful Login" time="2.352">
    <skipped/>
  </testcase>
  <testcase classname="This feature would be used to design the Login page of the application" name="Validate the Successful Login" time="2.352">
    <skipped/>
  </testcase>
  <testcase classname="This feature would be used to design the Login page of the application" name="Validate the Successful Login" time="1.386">
    <skipped/>
    <system-err>Starting ChromeDriver 99.0.4844.51 (d537ec02474b5afe23684e7963d538896c63ac77-refs/branch-heads/4844@{#875}) on port 18919
Only local connections are allowed.
Please see https://chromedriver.chromium.org/security-considerations for suggestions on keeping ChromeDriver safe.
ChromeDriver was started successfully.
[1649870310.749][WARNING]: This version of ChromeDriver has not been tested with Chrome version 100.
Apr 13, 2022 10:48:30 PM org.openqa.selenium.remote.ProtocolHandshake createSession
INFO: Detected dialect: W3C
</system-err>
  </testcase>
  <testcase classname="This feature would be used to design the Login page of the application" name="Validate the Successful Login" time="1.386">
    <skipped/>
  </testcase>
  <testcase classname="This feature would be used to design the Login page of the application" name="Validate the Successful Login" time="1.386">
    <skipped/>
  </testcase>
  <testcase classname="This feature would be used to design the Login page of the application" name="Validate the Successful Login" time="1.386">
    <skipped/>
  </testcase>
  <testcase classname="This feature would be used to design the Login page of the application" name="Validate the Successful Login" time="1.386">
    <skipped/>
  </testcase>
  <testcase classname="This feature would be used to design the Login page of the application" name="Validate the Successful Login" time="1.386">
    <skipped/>
  </testcase>
  <testcase classname="This feature would be used to design the Login page of the application" name="Validate the Successful Login" time="1.386">
    <skipped/>
    <system-err>Starting ChromeDriver 99.0.4844.51 (d537ec02474b5afe23684e7963d538896c63ac77-refs/branch-heads/4844@{#875}) on port 42562
Only local connections are allowed.
Please see https://chromedriver.chromium.org/security-considerations for suggestions on keeping ChromeDriver safe.
ChromeDriver was started successfully.
[1649870312.148][WARNING]: This version of ChromeDriver has not been tested with Chrome version 100.
Apr 13, 2022 10:48:32 PM org.openqa.selenium.remote.ProtocolHandshake createSession
INFO: Detected dialect: W3C
</system-err>
  </testcase>
  <testcase classname="This feature would be used to design the Login page of the application" name="Validate the Successful Login" time="1.386">
    <skipped/>
  </testcase>
  <testcase classname="This feature would be used to design the Login page of the application" name="Validate the Successful Login" time="1.386">
    <skipped/>
  </testcase>
  <testcase classname="This feature would be used to design the Login page of the application" name="Validate the Successful Login" time="1.387">
    <skipped/>
  </testcase>
  <testcase classname="This feature would be used to design the Login page of the application" name="Validate the Successful Login" time="1.387">
    <skipped/>
  </testcase>
  <testcase classname="This feature would be used to design the Login page of the application" name="Validate the Successful Login" time="1.387">
    <skipped/>
  </testcase>
  <testcase classname="This feature would be used to design the Login page of the application" name="Validate the Successful Login" time="1.406">
    <skipped/>
    <system-err>Starting ChromeDriver 99.0.4844.51 (d537ec02474b5afe23684e7963d538896c63ac77-refs/branch-heads/4844@{#875}) on port 26111
Only local connections are allowed.
Please see https://chromedriver.chromium.org/security-considerations for suggestions on keeping ChromeDriver safe.
ChromeDriver was started successfully.
[1649870313.555][WARNING]: This version of ChromeDriver has not been tested with Chrome version 100.
Apr 13, 2022 10:48:33 PM org.openqa.selenium.remote.ProtocolHandshake createSession
INFO: Detected dialect: W3C
</system-err>
  </testcase>
  <testcase classname="This feature would be used to design the Login page of the application" name="Validate the Successful Login" time="1.406">
    <skipped/>
  </testcase>
  <testcase classname="This feature would be used to design the Login page of the application" name="Validate the Successful Login" time="1.407">
    <skipped/>
  </testcase>
  <testcase classname="This feature would be used to design the Login page of the application" name="Validate the Successful Login" time="1.407">
    <skipped/>
  </testcase>
  <testcase classname="This feature would be used to design the Login page of the application" name="Validate the Successful Login" time="1.407">
    <skipped/>
  </testcase>
  <testcase classname="This feature would be used to design the Login page of the application" name="Validate the Successful Login" time="1.407">
    <skipped/>
  </testcase>
  <testcase classname="This feature would be used to design the Login page of the application" name="Validate the Negative Login using test data" time="1.426">
    <skipped/>
    <system-err>Starting ChromeDriver 99.0.4844.51 (d537ec02474b5afe23684e7963d538896c63ac77-refs/branch-heads/4844@{#875}) on port 6300
Only local connections are allowed.
Please see https://chromedriver.chromium.org/security-considerations for suggestions on keeping ChromeDriver safe.
ChromeDriver was started successfully.
[1649870314.979][WARNING]: This version of ChromeDriver has not been tested with Chrome version 100.
Apr 13, 2022 10:48:34 PM org.openqa.selenium.remote.ProtocolHandshake createSession
INFO: Detected dialect: W3C
</system-err>
  </testcase>
  <testcase classname="This feature would be used to design the Login page of the application" name="Validate the Negative Login using test data" time="1.426">
    <skipped/>
  </testcase>
  <testcase classname="This feature would be used to design the Login page of the application" name="Validate the Negative Login using test data" time="1.426">
    <skipped/>
  </testcase>
  <testcase classname="This feature would be used to design the Login page of the application" name="Validate the Negative Login using test data" time="1.426">
    <skipped/>
  </testcase>
  <testcase classname="This feature would be used to design the Login page of the application" name="Validate the Negative Login using test data" time="1.426">
    <skipped/>
  </testcase>
</testsuite>